c:\users\louis\documents\qt_projects\mat_viwer\x64\debug\vc140.pdb
c:\users\louis\documents\qt_projects\mat_viwer\x64\debug\stlloader.obj
c:\users\louis\documents\qt_projects\mat_viwer\x64\debug\openglwidget.obj
c:\users\louis\documents\qt_projects\mat_viwer\x64\debug\mainwindow.obj
c:\users\louis\documents\qt_projects\mat_viwer\x64\debug\main.obj
c:\users\louis\documents\qt_projects\mat_viwer\x64\debug\moc_openglwidget.obj
c:\users\louis\documents\qt_projects\mat_viwer\x64\debug\moc_mainwindow.obj
c:\users\louis\documents\qt_projects\mat_viwer\generatedfiles\ui_mainwindow.h
c:\users\louis\documents\qt_projects\mat_viwer\generatedfiles\debug\moc_openglwidget.cpp
c:\users\louis\documents\qt_projects\mat_viwer\generatedfiles\debug\moc_mainwindow.cpp
c:\users\louis\documents\qt_projects\mat_viwer\debug\mat_viwer.ilk
c:\users\louis\documents\qt_projects\mat_viwer\debug\mat_viwer.exe
c:\users\louis\documents\qt_projects\mat_viwer\debug\mat_viwer.pdb
c:\users\johnshee\downloads\mat_viwer\x64\debug\main.obj
c:\users\johnshee\downloads\mat_viwer\x64\debug\mainwindow.obj
c:\users\johnshee\downloads\mat_viwer\x64\debug\moc_mainwindow.obj
c:\users\johnshee\downloads\mat_viwer\x64\debug\moc_openglwidget.obj
c:\users\johnshee\downloads\mat_viwer\x64\debug\openglwidget.obj
c:\users\johnshee\downloads\mat_viwer\x64\debug\stlloader.obj
c:\users\johnshee\downloads\mat_viwer\x64\debug\vc140.pdb
c:\users\johnshee\downloads\mat_viwer\debug\mat_viwer.exe
c:\users\johnshee\downloads\mat_viwer\x64\debug\mat_viwer.tlog\cl.command.1.tlog
c:\users\johnshee\downloads\mat_viwer\x64\debug\mat_viwer.tlog\cl.read.1.tlog
c:\users\johnshee\downloads\mat_viwer\x64\debug\mat_viwer.tlog\cl.write.1.tlog
c:\users\johnshee\downloads\mat_viwer\x64\debug\mat_viwer.tlog\custombuild.command.1.tlog
c:\users\johnshee\downloads\mat_viwer\x64\debug\mat_viwer.tlog\custombuild.read.1.tlog
c:\users\johnshee\downloads\mat_viwer\x64\debug\mat_viwer.tlog\custombuild.write.1.tlog
c:\users\johnshee\downloads\mat_viwer\x64\debug\mat_viwer.tlog\link.command.1.tlog
c:\users\johnshee\downloads\mat_viwer\x64\debug\mat_viwer.tlog\link.read.1.tlog
c:\users\johnshee\downloads\mat_viwer\x64\debug\mat_viwer.tlog\link.write.1.tlog
